<?xml version="1.0" encoding="UTF-8"?>
<testsuite name="com.bhn.snakeandladder.services.PlayerServiceTest" tests="1" skipped="0" failures="0" errors="0" timestamp="2020-09-24T17:08:55" hostname="ROHIT" time="0.013">
  <properties/>
  <testcase name="testGetNewPosition" classname="com.bhn.snakeandladder.services.PlayerServiceTest" time="0.013"/>
  <system-out><![CDATA[]]></system-out>
  <system-err><![CDATA[]]></system-err>
</testsuite>
