<?xml version="1.0" encoding="UTF-8"?>
<testsuite name="com.bhn.snakeandladder.services.DiceServiceTest" tests="1" skipped="0" failures="0" errors="0" timestamp="2020-09-24T17:23:54" hostname="ROHIT" time="0.004">
  <properties/>
  <testcase name="testRollDice" classname="com.bhn.snakeandladder.services.DiceServiceTest" time="0.004"/>
  <system-out><![CDATA[]]></system-out>
  <system-err><![CDATA[]]></system-err>
</testsuite>
